[0;37m __                        
(_ ._  _ || _ _. __|_ _ ._ 
__)|_)(/_||(_(_|_> |_(/_|  
   |                       
Name: archConfig
ID: a79da882-3bc4-43d0-bb94-5b894490cd19
Description: A spell to configure a new Arch instance
Identity: topherludlow@protonmail.com
Converging 1 resources...
[0m[0;32m  ✓ multilib should be enabled in pacman conf
[0mcycle 0
☱ 
☱ 
[0;37mSpellcaster converged in 1 cycles
Convergence time: 0 seconds
[0m[0;37m __                        
(_ ._  _ || _ _. __|_ _ ._ 
__)|_)(/_||(_(_|_> |_(/_|  
   |                       
Name: archConfig
ID: a79da882-3bc4-43d0-bb94-5b894490cd19
Description: A spell to configure a new Arch instance
Identity: topherludlow@protonmail.com
Converging 1 resources...
[0m[0;31m  ✗ multilib should be enabled in pacman conf
[0msed: -e expression #1, char 35: unterminated `s' command
cycle 0
☳ 
☱ 
[0;31m  ✗ multilib should be enabled in pacman conf
[0msed: -e expression #1, char 35: unterminated `s' command
cycle 1
☳ 
☱ 
[0;37mSpellcaster failed to converge in 2 cycles
Convergence time: 0 seconds
[0m[0;37m __                        
(_ ._  _ || _ _. __|_ _ ._ 
__)|_)(/_||(_(_|_> |_(/_|  
   |                       
Name: archConfig
ID: e6215012-f34e-48c3-b511-ba551cf7360a
Description: A spell to configure a new Arch instance
Identity: topherludlow@protonmail.com
Converging 1 resources...
[0m[0;32m  ✓ multilib should be enabled in pacman conf
[0mcycle 0
☱ 
☱ 
[0;37mSpellcaster converged in 1 cycles
Convergence time: 0 seconds
[0m[0;37m __                        
(_ ._  _ || _ _. __|_ _ ._ 
__)|_)(/_||(_(_|_> |_(/_|  
   |                       
Name: archConfig
ID: e6215012-f34e-48c3-b511-ba551cf7360a
Description: A spell to configure a new Arch instance
Identity: topherludlow@protonmail.com
Converging 1 resources...
[0m[0;31m  ✗ multilib should be enabled in pacman conf
[0msed: -e expression #1, char 35: unterminated `s' command
cycle 0
☳ 
☱ 
[0;31m  ✗ multilib should be enabled in pacman conf
[0msed: -e expression #1, char 35: unterminated `s' command
cycle 1
☳ 
☱ 
[0;37mSpellcaster failed to converge in 2 cycles
Convergence time: 0 seconds
[0m[0;37m __                        
(_ ._  _ || _ _. __|_ _ ._ 
__)|_)(/_||(_(_|_> |_(/_|  
   |                       
Name: archConfig
ID: b7def2ae-ee0a-47de-b484-08fa1c3c8ef8
Description: A spell to configure a new Arch instance
Identity: topherludlow@protonmail.com
Converging 1 resources...
[0m[0;31m  ✗ multilib should be enabled in pacman conf
[0mcycle 0
☲ 
☱ 
[0;31m  ✗ multilib should be enabled in pacman conf
[0mcycle 1
☲ 
☱ 
[0;37mSpellcaster failed to converge in 2 cycles
Convergence time: 14 seconds
[0m[0;37m __                        
(_ ._  _ || _ _. __|_ _ ._ 
__)|_)(/_||(_(_|_> |_(/_|  
   |                       
Name: archConfig
ID: c1f9caf5-9245-458d-943f-6a23e5828e93
Description: A spell to configure a new Arch instance
Identity: topherludlow@protonmail.com
Converging 1 resources...
[0m[0;32m  ✓ multilib should be enabled in pacman conf
[0mcycle 0
☱ 
☱ 
[0;37mSpellcaster converged in 1 cycles
Convergence time: 0 seconds
[0m[0;37m __                        
(_ ._  _ || _ _. __|_ _ ._ 
__)|_)(/_||(_(_|_> |_(/_|  
   |                       
Name: archConfig
ID: fd91f15f-be7e-4fcc-be14-4597fef53f7d
Description: A spell to configure a new Arch instance
Identity: topherludlow@protonmail.com
Converging 2 resources...
[0m[0;32m  ✓ multilib should be enabled in pacman conf
[0mwarning: database file for 'multilib' does not exist (use '-Sy' to download)
error: package 'lib32-nvidia-utils' was not found
[0;31m  ✗ 32 bit Nvidia drivers should be installed
[0m[0;37m __                        
(_ ._  _ || _ _. __|_ _ ._ 
__)|_)(/_||(_(_|_> |_(/_|  
   |                       
Name: archConfig
ID: 04bca130-c622-432f-8989-555d133593a7
Description: A spell to configure a new Arch instance
Identity: topherludlow@protonmail.com
Converging 2 resources...
[0m[0;31m  ✗ multilib should be enabled in pacman conf
[0merror: package 'lib32-nvidia-utils' was not found
[0;31m  ✗ 32 bit Nvidia drivers should be installed
[0mwarning: dependency cycle detected:
warning: lib32-libglvnd will be installed before its lib32-nvidia-utils dependency
warning: dependency cycle detected:
warning: lib32-mesa will be installed before its lib32-libglvnd dependency
warning: dependency cycle detected:
warning: lib32-keyutils will be installed before its lib32-krb5 dependency
:: Proceed with installation? [Y/n] 
Interrupt signal received
error: command terminated by signal 2: Interrupt
cycle 0
☲ ☲ 
☱ ☱ 
[0;32m  ✓ multilib should be enabled in pacman conf
[0m[0;32m  ✓ 32 bit Nvidia drivers should be installed
[0mcycle 1
☱ ☱ 
☱ ☱ 
[0;37mSpellcaster converged in 2 cycles
Convergence time: 91 seconds
[0m[0;37m __                        
(_ ._  _ || _ _. __|_ _ ._ 
__)|_)(/_||(_(_|_> |_(/_|  
   |                       
Name: archConfig
ID: 04bca130-c622-432f-8989-555d133593a7
Description: A spell to configure a new Arch instance
Identity: topherludlow@protonmail.com
Converging 2 resources...
[0m[0;31m  ✗ multilib should be enabled in pacman conf
[0m[0;32m  ✓ 32 bit Nvidia drivers should be installed
[0mcycle 0
☲ ☱ 
☱ ☱ 
[0;32m  ✓ multilib should be enabled in pacman conf
[0m[0;32m  ✓ 32 bit Nvidia drivers should be installed
[0mcycle 1
☱ ☱ 
☱ ☱ 
[0;37mSpellcaster converged in 2 cycles
Convergence time: 2 seconds
[0m[0;37m __                        
(_ ._  _ || _ _. __|_ _ ._ 
__)|_)(/_||(_(_|_> |_(/_|  
   |                       
Name: archConfig
ID: 04bca130-c622-432f-8989-555d133593a7
Description: A spell to configure a new Arch instance
Identity: topherludlow@protonmail.com
Converging 2 resources...
[0m[0;31m  ✗ multilib should be enabled in pacman conf
[0merror: package 'lib32-nvidia-utils' was not found
[0;31m  ✗ 32 bit Nvidia drivers should be installed
[0mwarning: dependency cycle detected:
warning: lib32-libglvnd will be installed before its lib32-nvidia-utils dependency
warning: dependency cycle detected:
warning: lib32-mesa will be installed before its lib32-libglvnd dependency
warning: dependency cycle detected:
warning: lib32-keyutils will be installed before its lib32-krb5 dependency
:: Proceed with installation? [Y/n] cycle 0
☲ ☲ 
☱ ☱ 
[0;32m  ✓ multilib should be enabled in pacman conf
[0m[0;32m  ✓ 32 bit Nvidia drivers should be installed
[0mcycle 1
☱ ☱ 
☱ ☱ 
[0;37mSpellcaster converged in 2 cycles
Convergence time: 4 seconds
[0m[0;37m __                        
(_ ._  _ || _ _. __|_ _ ._ 
__)|_)(/_||(_(_|_> |_(/_|  
   |                       
Name: archConfig
ID: 6fee8ea4-4226-4e4d-94e7-3cd38c62d66f
Description: A spell to configure a new Arch instance
Identity: topherludlow@protonmail.com
Converging 3 resources...
[0m[0;31m  ✗ en_US.UTF-8 locale should be generated
[0mcannot create temporary file: /usr/lib/locale/locale-archive.8M35D7: Permission denied
[0;32m  ✓ multilib should be enabled in pacman conf
[0m[0;32m  ✓ 32 bit Nvidia drivers should be installed
[0mcycle 0
☳ ☱ ☱ 
☱ ☱ ☱ 
[0;31m  ✗ en_US.UTF-8 locale should be generated
[0mcannot create temporary file: /usr/lib/locale/locale-archive.yeVByO: Permission denied
[0;32m  ✓ multilib should be enabled in pacman conf
[0m[0;32m  ✓ 32 bit Nvidia drivers should be installed
[0mcycle 1
☳ ☱ ☱ 
☱ ☱ ☱ 
[0;31m  ✗ en_US.UTF-8 locale should be generated
[0mcannot create temporary file: /usr/lib/locale/locale-archive.wxKkSj: Permission denied
[0;32m  ✓ multilib should be enabled in pacman conf
[0m[0;32m  ✓ 32 bit Nvidia drivers should be installed
[0mcycle 2
☳ ☱ ☱ 
☱ ☱ ☱ 
[0;31m  ✗ en_US.UTF-8 locale should be generated
[0mcannot create temporary file: /usr/lib/locale/locale-archive.iH2tdv: Permission denied
[0;32m  ✓ multilib should be enabled in pacman conf
[0m[0;32m  ✓ 32 bit Nvidia drivers should be installed
[0mcycle 3
☳ ☱ ☱ 
☱ ☱ ☱ 
[0;37mSpellcaster failed to converge in 4 cycles
Convergence time: 20 seconds
[0m[0;37m __                        
(_ ._  _ || _ _. __|_ _ ._ 
__)|_)(/_||(_(_|_> |_(/_|  
   |                       
Name: archConfig
ID: 94164731-88da-44c1-a0c8-b6e247edde2b
Description: A spell to configure a new Arch instance
Identity: topherludlow@protonmail.com
Converging 3 resources...
[0m[0;32m  ✓ 32 bit Nvidia drivers should be installed
[0m[0;32m  ✓ multilib should be enabled in pacman conf
[0m[0;31m  ✗ en_US.UTF-8 locale should be generated
[0mcycle 0
☱ ☱ ☲ 
☱ ☱ ☱ 
[0;32m  ✓ 32 bit Nvidia drivers should be installed
[0m[0;32m  ✓ multilib should be enabled in pacman conf
[0m[0;31m  ✗ en_US.UTF-8 locale should be generated
[0mcycle 1
☱ ☱ ☲ 
☱ ☱ ☱ 
[0;32m  ✓ 32 bit Nvidia drivers should be installed
[0m[0;32m  ✓ multilib should be enabled in pacman conf
[0m[0;31m  ✗ en_US.UTF-8 locale should be generated
[0mcycle 2
☱ ☱ ☲ 
☱ ☱ ☱ 
[0;32m  ✓ 32 bit Nvidia drivers should be installed
[0m[0;32m  ✓ multilib should be enabled in pacman conf
[0m[0;31m  ✗ en_US.UTF-8 locale should be generated
[0mcycle 3
☱ ☱ ☲ 
☱ ☱ ☱ 
[0;37mSpellcaster failed to converge in 4 cycles
Convergence time: 3 seconds
[0m[0;37m __                        
(_ ._  _ || _ _. __|_ _ ._ 
__)|_)(/_||(_(_|_> |_(/_|  
   |                       
Name: archConfig
ID: 65f77847-53a0-47c2-b020-23f75eba47b1
Description: A spell to configure a new Arch instance
Identity: topherludlow@protonmail.com
Converging 3 resources...
[0m[0;32m  ✓ multilib should be enabled in pacman conf
[0m[0;31m  ✗ en_US.UTF-8 locale should be generated
[0m[0;32m  ✓ 32 bit Nvidia drivers should be installed
[0mcycle 0
☱ ☲ ☱ 
☱ ☱ ☱ 
[0;32m  ✓ multilib should be enabled in pacman conf
[0m[0;31m  ✗ en_US.UTF-8 locale should be generated
[0m[0;32m  ✓ 32 bit Nvidia drivers should be installed
[0mcycle 1
☱ ☲ ☱ 
☱ ☱ ☱ 
[0;32m  ✓ multilib should be enabled in pacman conf
[0m[0;31m  ✗ en_US.UTF-8 locale should be generated
[0m[0;32m  ✓ 32 bit Nvidia drivers should be installed
[0mcycle 2
☱ ☲ ☱ 
☱ ☱ ☱ 
[0;32m  ✓ multilib should be enabled in pacman conf
[0m[0;31m  ✗ en_US.UTF-8 locale should be generated
[0m[0;32m  ✓ 32 bit Nvidia drivers should be installed
[0mcycle 3
☱ ☲ ☱ 
☱ ☱ ☱ 
[0;37mSpellcaster failed to converge in 4 cycles
Convergence time: 3 seconds
[0m[0;37m __                        
(_ ._  _ || _ _. __|_ _ ._ 
__)|_)(/_||(_(_|_> |_(/_|  
   |                       
Name: archConfig
ID: 65f77847-53a0-47c2-b020-23f75eba47b1
Description: A spell to configure a new Arch instance
Identity: topherludlow@protonmail.com
Converging 3 resources...
[0m[0;32m  ✓ multilib should be enabled in pacman conf
[0m[0;31m  ✗ en_US.UTF-8 locale should be generated
[0m[0;32m  ✓ 32 bit Nvidia drivers should be installed
[0mcycle 0
☱ ☲ ☱ 
☱ ☱ ☱ 
[0;32m  ✓ multilib should be enabled in pacman conf
[0m[0;31m  ✗ en_US.UTF-8 locale should be generated
[0m[0;32m  ✓ 32 bit Nvidia drivers should be installed
[0mcycle 1
☱ ☲ ☱ 
☱ ☱ ☱ 
[0;32m  ✓ multilib should be enabled in pacman conf
[0m[0;31m  ✗ en_US.UTF-8 locale should be generated
[0m[0;32m  ✓ 32 bit Nvidia drivers should be installed
[0mcycle 2
☱ ☲ ☱ 
☱ ☱ ☱ 
[0;32m  ✓ multilib should be enabled in pacman conf
[0m[0;31m  ✗ en_US.UTF-8 locale should be generated
[0m[0;37m __                        
(_ ._  _ || _ _. __|_ _ ._ 
__)|_)(/_||(_(_|_> |_(/_|  
   |                       
Name: archConfig
ID: af26f4c5-8ad4-4e19-9db2-99d9efe5c451
Description: A spell to configure a new Arch instance
Identity: topherludlow@protonmail.com
Converging 3 resources...
[0m[0;32m  ✓ multilib should be enabled in pacman conf
[0m[0;32m  ✓ 32 bit Nvidia drivers should be installed
[0m[0;31m  ✗ en_US.UTF-8 locale should be generated
[0mcycle 0
☱ ☱ ☲ 
☱ ☱ ☱ 
[0;32m  ✓ multilib should be enabled in pacman conf
[0m[0;32m  ✓ 32 bit Nvidia drivers should be installed
[0m[0;31m  ✗ en_US.UTF-8 locale should be generated
[0mcycle 1
☱ ☱ ☲ 
☱ ☱ ☱ 
[0;32m  ✓ multilib should be enabled in pacman conf
[0m[0;32m  ✓ 32 bit Nvidia drivers should be installed
[0m[0;31m  ✗ en_US.UTF-8 locale should be generated
[0mcycle 2
☱ ☱ ☲ 
☱ ☱ ☱ 
[0;32m  ✓ multilib should be enabled in pacman conf
[0m[0;32m  ✓ 32 bit Nvidia drivers should be installed
[0m[0;31m  ✗ en_US.UTF-8 locale should be generated
[0mcycle 3
☱ ☱ ☲ 
☱ ☱ ☱ 
[0;37mSpellcaster failed to converge in 4 cycles
Convergence time: 3 seconds
[0m[0;37m __                        
(_ ._  _ || _ _. __|_ _ ._ 
__)|_)(/_||(_(_|_> |_(/_|  
   |                       
Name: archConfig
ID: 6b5d888a-1917-416e-93f9-97b7fab6c5ac
Description: A spell to configure a new Arch instance
Identity: topherludlow@protonmail.com
Converging 3 resources...
[0m[0;32m  ✓ multilib should be enabled in pacman conf
[0m[0;32m  ✓ 32 bit Nvidia drivers should be installed
[0m[0;32m  ✓ en_US.UTF-8 locale should be generated
[0mcycle 0
☱ ☱ ☱ 
☱ ☱ ☱ 
[0;37mSpellcaster converged in 1 cycles
Convergence time: 0 seconds
[0m[0;37m __                        
(_ ._  _ || _ _. __|_ _ ._ 
__)|_)(/_||(_(_|_> |_(/_|  
   |                       
Name: archConfig
ID: 6b5d888a-1917-416e-93f9-97b7fab6c5ac
Description: A spell to configure a new Arch instance
Identity: topherludlow@protonmail.com
Converging 3 resources...
[0m[0;32m  ✓ multilib should be enabled in pacman conf
[0m[0;32m  ✓ 32 bit Nvidia drivers should be installed
[0m[0;31m  ✗ en_US.UTF-8 locale should be generated
[0mcycle 0
☱ ☱ ☲ 
☱ ☱ ☱ 
[0;32m  ✓ multilib should be enabled in pacman conf
[0m[0;32m  ✓ 32 bit Nvidia drivers should be installed
[0m[0;32m  ✓ en_US.UTF-8 locale should be generated
[0mcycle 1
☱ ☱ ☱ 
☱ ☱ ☱ 
[0;37mSpellcaster converged in 2 cycles
Convergence time: 1 seconds
[0m[0;37m __                        
(_ ._  _ || _ _. __|_ _ ._ 
__)|_)(/_||(_(_|_> |_(/_|  
   |                       
Name: archConfig
ID: 92a275a1-3b65-4bbd-8393-41b016eb9163
Description: A spell to configure a new Arch instance
Identity: topherludlow@protonmail.com
Converging 4 resources...
[0m[0;31m  ✗ en_US.UTF-8 locale should be generated
[0m[0;31m  ✗ multilib should be enabled in pacman conf
[0merror: package 'steam' was not found
[0;31m  ✗ Steam should be installed
[0m
Enter a number (default=1): warning: dependency cycle detected:
warning: lib32-mesa will be installed before its lib32-libglvnd dependency
warning: dependency cycle detected:
warning: lib32-keyutils will be installed before its lib32-krb5 dependency
:: Proceed with installation? [Y/n] error: package 'lib32-nvidia-utils' was not found
[0;31m  ✗ 32 bit Nvidia drivers should be installed
[0m:: Proceed with installation? [Y/n] cycle 0
☲ ☲ ☲ ☲ 
☱ ☱ ☱ ☱ 
[0;32m  ✓ en_US.UTF-8 locale should be generated
[0m[0;32m  ✓ multilib should be enabled in pacman conf
[0m[0;32m  ✓ Steam should be installed
[0m[0;32m  ✓ 32 bit Nvidia drivers should be installed
[0mcycle 1
☱ ☱ ☱ ☱ 
☱ ☱ ☱ ☱ 
[0;37mSpellcaster converged in 2 cycles
Convergence time: 26 seconds
[0m[0;37m __                        
(_ ._  _ || _ _. __|_ _ ._ 
__)|_)(/_||(_(_|_> |_(/_|  
   |                       
Name: archConfig
ID: 92a275a1-3b65-4bbd-8393-41b016eb9163
Description: A spell to configure a new Arch instance
Identity: topherludlow@protonmail.com
Converging 4 resources...
[0m[0;32m  ✓ en_US.UTF-8 locale should be generated
[0m[0;32m  ✓ multilib should be enabled in pacman conf
[0merror: package 'steam' was not found
[0;31m  ✗ Steam should be installed
[0m
Enter a number (default=1): 
Interrupt signal received
error: package 'lib32-nvidia-utils' was not found
[0;31m  ✗ 32 bit Nvidia drivers should be installed
[0mwarning: dependency cycle detected:
warning: lib32-libglvnd will be installed before its lib32-nvidia-utils dependency
warning: dependency cycle detected:
warning: lib32-mesa will be installed before its lib32-libglvnd dependency
warning: dependency cycle detected:
warning: lib32-keyutils will be installed before its lib32-krb5 dependency
:: Proceed with installation? [Y/n] 
Interrupt signal received
cycle 0
☱ ☱ 
☱ ☱ ☱ ☱ 
[0;32m  ✓ en_US.UTF-8 locale should be generated
[0m[0;32m  ✓ multilib should be enabled in pacman conf
[0merror: package 'steam' was not found
[0;31m  ✗ Steam should be installed
[0m
Enter a number (default=1): 
Interrupt signal received
error: package 'lib32-nvidia-utils' was not found
[0;31m  ✗ 32 bit Nvidia drivers should be installed
[0mwarning: dependency cycle detected:
warning: lib32-libglvnd will be installed before its lib32-nvidia-utils dependency
warning: dependency cycle detected:
warning: lib32-mesa will be installed before its lib32-libglvnd dependency
warning: dependency cycle detected:
warning: lib32-keyutils will be installed before its lib32-krb5 dependency
:: Proceed with installation? [Y/n] 
Interrupt signal received
cycle 1
☱ ☱ 
☱ ☱ ☱ ☱ 
[0;32m  ✓ en_US.UTF-8 locale should be generated
[0m[0;32m  ✓ multilib should be enabled in pacman conf
[0merror: package 'steam' was not found
[0;31m  ✗ Steam should be installed
[0m
Enter a number (default=1): 
Interrupt signal received
error: package 'lib32-nvidia-utils' was not found
[0;31m  ✗ 32 bit Nvidia drivers should be installed
[0mwarning: dependency cycle detected:
warning: lib32-libglvnd will be installed before its lib32-nvidia-utils dependency
warning: dependency cycle detected:
warning: lib32-mesa will be installed before its lib32-libglvnd dependency
warning: dependency cycle detected:
warning: lib32-keyutils will be installed before its lib32-krb5 dependency
:: Proceed with installation? [Y/n] 
Interrupt signal received
cycle 2
☱ ☱ 
☱ ☱ ☱ ☱ 
[0;32m  ✓ en_US.UTF-8 locale should be generated
[0m[0;32m  ✓ multilib should be enabled in pacman conf
[0merror: package 'steam' was not found
[0;31m  ✗ Steam should be installed
[0m[0;37m __                        
(_ ._  _ || _ _. __|_ _ ._ 
__)|_)(/_||(_(_|_> |_(/_|  
   |                       
Name: archConfig
ID: 586312c4-af70-4c5c-8e93-25774c6dc7b8
Description: A spell to configure a new Arch instance
Identity: topherludlow@protonmail.com
Converging 4 resources...
[0merror: package 'lib32-nvidia-utils' was not found
[0;31m  ✗ 32 bit Nvidia drivers should be installed
[0mwarning: dependency cycle detected:
warning: lib32-libglvnd will be installed before its lib32-nvidia-utils dependency
warning: dependency cycle detected:
warning: lib32-mesa will be installed before its lib32-libglvnd dependency
warning: dependency cycle detected:
warning: lib32-keyutils will be installed before its lib32-krb5 dependency
[0;32m  ✓ en_US.UTF-8 locale should be generated
[0merror: package 'steam' was not found
[0;31m  ✗ Steam should be installed
[0m[0;32m  ✓ multilib should be enabled in pacman conf
[0mcycle 0
☲ ☱ ☲ ☱ 
☱ ☱ ☱ ☱ 
[0;32m  ✓ 32 bit Nvidia drivers should be installed
[0m[0;32m  ✓ en_US.UTF-8 locale should be generated
[0m[0;32m  ✓ Steam should be installed
[0m[0;32m  ✓ multilib should be enabled in pacman conf
[0mcycle 1
☱ ☱ ☱ ☱ 
☱ ☱ ☱ ☱ 
[0;37mSpellcaster converged in 2 cycles
Convergence time: 6 seconds
[0m[0;37m __                        
(_ ._  _ || _ _. __|_ _ ._ 
__)|_)(/_||(_(_|_> |_(/_|  
   |                       
Name: archVM
ID: ee3856a5-b60c-4d10-8a4e-c87cf8662531
Description: A spell to switch context from local to a fresh Arch compute instance
Identity: topherludlow@protonmail.com
Converging 14 resources...
[0m[0;31m  ✗ /var/lib/libvirt/images/arch-vm.qcow2 should exist
[0m[0;37m __                        
(_ ._  _ || _ _. __|_ _ ._ 
__)|_)(/_||(_(_|_> |_(/_|  
   |                       
Name: archVM
ID: ee3856a5-b60c-4d10-8a4e-c87cf8662531
Description: A spell to switch context from local to a fresh Arch compute instance
Identity: topherludlow@protonmail.com
Converging 14 resources...
[0m[0;31m  ✗ /var/lib/libvirt/images/arch-vm.qcow2 should exist
[0m[0;32m  ✓ libvirt should be installed
[0m[0;32m  ✓ libvirtd should be running
[0m[0;32m  ✓ Virsh default network should be active
[0m[0;32m  ✓ qemu-base should be installed
[0m[0;32m  ✓ Backing image /var/lib/libvirt/images/Arch-Linux-x86_64-cloudimg.qcow2 should exist
[0m[0;32m  ✓ virt-manager should be installed
[0m[0;32m  ✓ libvirtd should be enabled
[0m[0;32m  ✓ topher should belong to libvirt group
[0m[0;32m  ✓ wget should be installed
[0mgetfacl: Removing leading '/' from absolute path names
[0;32m  ✓ topher should be in the /var/run/libvirt/libvirt-sock user ACL
[0m[0;32m  ✓ .config/libvirt/libvirt.conf should exist
[0m[0;31m  ✗ The VM arch-vm should exist
[0mERROR    [Errno 2] No such file or directory: './arch-vm_cloud-init'
Domain installation does not appear to have been successful.
If it was, you can restart your domain by running:
  virsh --connect qemu:///system start arch-vm
otherwise, please restart your installation.
[0;32m  ✓ Virsh default network autostart should be enabled
[0mcycle 0
☲ ☱ ☱ ☱ ☱ ☱ ☱ ☱ ☱ ☱ ☱ ☱ ☳ ☱ 
☱ ☱ ☱ ☱ ☱ ☱ ☱ ☱ ☱ ☱ ☱ ☱ ☱ ☱ 
[0;32m  ✓ /var/lib/libvirt/images/arch-vm.qcow2 should exist
[0m[0;32m  ✓ libvirt should be installed
[0m[0;32m  ✓ libvirtd should be running
[0m[0;32m  ✓ Virsh default network should be active
[0m[0;32m  ✓ qemu-base should be installed
[0m[0;32m  ✓ Backing image /var/lib/libvirt/images/Arch-Linux-x86_64-cloudimg.qcow2 should exist
[0m[0;32m  ✓ virt-manager should be installed
[0m[0;32m  ✓ libvirtd should be enabled
[0m[0;32m  ✓ topher should belong to libvirt group
[0m[0;32m  ✓ wget should be installed
[0mgetfacl: Removing leading '/' from absolute path names
[0;32m  ✓ topher should be in the /var/run/libvirt/libvirt-sock user ACL
[0m[0;32m  ✓ .config/libvirt/libvirt.conf should exist
[0m[0;31m  ✗ The VM arch-vm should exist
[0mERROR    [Errno 2] No such file or directory: './arch-vm_cloud-init'
Domain installation does not appear to have been successful.
If it was, you can restart your domain by running:
  virsh --connect qemu:///system start arch-vm
otherwise, please restart your installation.
[0;32m  ✓ Virsh default network autostart should be enabled
[0mcycle 1
☱ ☱ ☱ ☱ ☱ ☱ ☱ ☱ ☱ ☱ ☱ ☱ ☳ ☱ 
☱ ☱ ☱ ☱ ☱ ☱ ☱ ☱ ☱ ☱ ☱ ☱ ☱ ☱ 
[0;32m  ✓ /var/lib/libvirt/images/arch-vm.qcow2 should exist
[0m[0;32m  ✓ libvirt should be installed
[0m[0;32m  ✓ libvirtd should be running
[0m[0;32m  ✓ Virsh default network should be active
[0m[0;32m  ✓ qemu-base should be installed
[0m[0;32m  ✓ Backing image /var/lib/libvirt/images/Arch-Linux-x86_64-cloudimg.qcow2 should exist
[0m[0;32m  ✓ virt-manager should be installed
[0m[0;32m  ✓ libvirtd should be enabled
[0m[0;32m  ✓ topher should belong to libvirt group
[0m[0;32m  ✓ wget should be installed
[0mgetfacl: Removing leading '/' from absolute path names
[0;32m  ✓ topher should be in the /var/run/libvirt/libvirt-sock user ACL
[0m[0;32m  ✓ .config/libvirt/libvirt.conf should exist
[0m[0;31m  ✗ The VM arch-vm should exist
[0mERROR    [Errno 2] No such file or directory: './arch-vm_cloud-init'
Domain installation does not appear to have been successful.
If it was, you can restart your domain by running:
  virsh --connect qemu:///system start arch-vm
otherwise, please restart your installation.
[0;32m  ✓ Virsh default network autostart should be enabled
[0mcycle 2
☱ ☱ ☱ ☱ ☱ ☱ ☱ ☱ ☱ ☱ ☱ ☱ ☳ ☱ 
☱ ☱ ☱ ☱ ☱ ☱ ☱ ☱ ☱ ☱ ☱ ☱ ☱ ☱ 
[0;32m  ✓ /var/lib/libvirt/images/arch-vm.qcow2 should exist
[0m[0;32m  ✓ libvirt should be installed
[0m[0;32m  ✓ libvirtd should be running
[0m[0;32m  ✓ Virsh default network should be active
[0m[0;32m  ✓ qemu-base should be installed
[0m[0;32m  ✓ Backing image /var/lib/libvirt/images/Arch-Linux-x86_64-cloudimg.qcow2 should exist
[0m[0;32m  ✓ virt-manager should be installed
[0m[0;32m  ✓ libvirtd should be enabled
[0m[0;32m  ✓ topher should belong to libvirt group
[0m[0;32m  ✓ wget should be installed
[0mgetfacl: Removing leading '/' from absolute path names
[0;32m  ✓ topher should be in the /var/run/libvirt/libvirt-sock user ACL
[0m[0;32m  ✓ .config/libvirt/libvirt.conf should exist
[0m[0;31m  ✗ The VM arch-vm should exist
[0mERROR    [Errno 2] No such file or directory: './arch-vm_cloud-init'
Domain installation does not appear to have been successful.
If it was, you can restart your domain by running:
  virsh --connect qemu:///system start arch-vm
otherwise, please restart your installation.
[0;32m  ✓ Virsh default network autostart should be enabled
[0mcycle 3
☱ ☱ ☱ ☱ ☱ ☱ ☱ ☱ ☱ ☱ ☱ ☱ ☳ ☱ 
☱ ☱ ☱ ☱ ☱ ☱ ☱ ☱ ☱ ☱ ☱ ☱ ☱ ☱ 
[0;32m  ✓ /var/lib/libvirt/images/arch-vm.qcow2 should exist
[0m[0;32m  ✓ libvirt should be installed
[0m[0;32m  ✓ libvirtd should be running
[0m[0;32m  ✓ Virsh default network should be active
[0m[0;32m  ✓ qemu-base should be installed
[0m[0;32m  ✓ Backing image /var/lib/libvirt/images/Arch-Linux-x86_64-cloudimg.qcow2 should exist
[0m[0;32m  ✓ virt-manager should be installed
[0m[0;32m  ✓ libvirtd should be enabled
[0m[0;32m  ✓ topher should belong to libvirt group
[0m[0;32m  ✓ wget should be installed
[0mgetfacl: Removing leading '/' from absolute path names
[0;32m  ✓ topher should be in the /var/run/libvirt/libvirt-sock user ACL
[0m[0;32m  ✓ .config/libvirt/libvirt.conf should exist
[0m[0;31m  ✗ The VM arch-vm should exist
[0mERROR    [Errno 2] No such file or directory: './arch-vm_cloud-init'
Domain installation does not appear to have been successful.
If it was, you can restart your domain by running:
  virsh --connect qemu:///system start arch-vm
otherwise, please restart your installation.
[0;32m  ✓ Virsh default network autostart should be enabled
[0mcycle 4
☱ ☱ ☱ ☱ ☱ ☱ ☱ ☱ ☱ ☱ ☱ ☱ ☳ ☱ 
☱ ☱ ☱ ☱ ☱ ☱ ☱ ☱ ☱ ☱ ☱ ☱ ☱ ☱ 
[0;32m  ✓ /var/lib/libvirt/images/arch-vm.qcow2 should exist
[0m[0;32m  ✓ libvirt should be installed
[0m[0;32m  ✓ libvirtd should be running
[0m[0;32m  ✓ Virsh default network should be active
[0m[0;32m  ✓ qemu-base should be installed
[0m[0;32m  ✓ Backing image /var/lib/libvirt/images/Arch-Linux-x86_64-cloudimg.qcow2 should exist
[0m[0;32m  ✓ virt-manager should be installed
[0m[0;32m  ✓ libvirtd should be enabled
[0m[0;32m  ✓ topher should belong to libvirt group
[0m[0;32m  ✓ wget should be installed
[0mgetfacl: Removing leading '/' from absolute path names
[0;32m  ✓ topher should be in the /var/run/libvirt/libvirt-sock user ACL
[0m[0;32m  ✓ .config/libvirt/libvirt.conf should exist
[0m[0;31m  ✗ The VM arch-vm should exist
[0mERROR    [Errno 2] No such file or directory: './arch-vm_cloud-init'
Domain installation does not appear to have been successful.
If it was, you can restart your domain by running:
  virsh --connect qemu:///system start arch-vm
otherwise, please restart your installation.
[0;32m  ✓ Virsh default network autostart should be enabled
[0mcycle 5
☱ ☱ ☱ ☱ ☱ ☱ ☱ ☱ ☱ ☱ ☱ ☱ ☳ ☱ 
☱ ☱ ☱ ☱ ☱ ☱ ☱ ☱ ☱ ☱ ☱ ☱ ☱ ☱ 
[0;32m  ✓ /var/lib/libvirt/images/arch-vm.qcow2 should exist
[0m[0;32m  ✓ libvirt should be installed
[0m[0;32m  ✓ libvirtd should be running
[0m[0;32m  ✓ Virsh default network should be active
[0m[0;32m  ✓ qemu-base should be installed
[0m[0;32m  ✓ Backing image /var/lib/libvirt/images/Arch-Linux-x86_64-cloudimg.qcow2 should exist
[0m[0;32m  ✓ virt-manager should be installed
[0m[0;32m  ✓ libvirtd should be enabled
[0m[0;32m  ✓ topher should belong to libvirt group
[0m[0;32m  ✓ wget should be installed
[0mgetfacl: Removing leading '/' from absolute path names
[0;32m  ✓ topher should be in the /var/run/libvirt/libvirt-sock user ACL
[0m[0;32m  ✓ .config/libvirt/libvirt.conf should exist
[0m[0;31m  ✗ The VM arch-vm should exist
[0mERROR    [Errno 2] No such file or directory: './arch-vm_cloud-init'
Domain installation does not appear to have been successful.
If it was, you can restart your domain by running:
  virsh --connect qemu:///system start arch-vm
otherwise, please restart your installation.
[0;32m  ✓ Virsh default network autostart should be enabled
[0mcycle 6
☱ ☱ ☱ ☱ ☱ ☱ ☱ ☱ ☱ ☱ ☱ ☱ ☳ ☱ 
☱ ☱ ☱ ☱ ☱ ☱ ☱ ☱ ☱ ☱ ☱ ☱ ☱ ☱ 
[0;32m  ✓ /var/lib/libvirt/images/arch-vm.qcow2 should exist
[0m[0;32m  ✓ libvirt should be installed
[0m[0;32m  ✓ libvirtd should be running
[0m[0;32m  ✓ Virsh default network should be active
[0m[0;32m  ✓ qemu-base should be installed
[0m[0;32m  ✓ Backing image /var/lib/libvirt/images/Arch-Linux-x86_64-cloudimg.qcow2 should exist
[0m[0;32m  ✓ virt-manager should be installed
[0m[0;32m  ✓ libvirtd should be enabled
[0m[0;32m  ✓ topher should belong to libvirt group
[0m[0;32m  ✓ wget should be installed
[0mgetfacl: Removing leading '/' from absolute path names
[0;32m  ✓ topher should be in the /var/run/libvirt/libvirt-sock user ACL
[0m[0;32m  ✓ .config/libvirt/libvirt.conf should exist
[0m[0;31m  ✗ The VM arch-vm should exist
[0mERROR    [Errno 2] No such file or directory: './arch-vm_cloud-init'
Domain installation does not appear to have been successful.
If it was, you can restart your domain by running:
  virsh --connect qemu:///system start arch-vm
otherwise, please restart your installation.
[0;32m  ✓ Virsh default network autostart should be enabled
[0mcycle 7
☱ ☱ ☱ ☱ ☱ ☱ ☱ ☱ ☱ ☱ ☱ ☱ ☳ ☱ 
☱ ☱ ☱ ☱ ☱ ☱ ☱ ☱ ☱ ☱ ☱ ☱ ☱ ☱ 
[0;32m  ✓ /var/lib/libvirt/images/arch-vm.qcow2 should exist
[0m[0;32m  ✓ libvirt should be installed
[0m[0;32m  ✓ libvirtd should be running
[0m[0;32m  ✓ Virsh default network should be active
[0m[0;32m  ✓ qemu-base should be installed
[0m[0;32m  ✓ Backing image /var/lib/libvirt/images/Arch-Linux-x86_64-cloudimg.qcow2 should exist
[0m[0;32m  ✓ virt-manager should be installed
[0m[0;32m  ✓ libvirtd should be enabled
[0m[0;32m  ✓ topher should belong to libvirt group
[0m[0;32m  ✓ wget should be installed
[0mgetfacl: Removing leading '/' from absolute path names
[0;32m  ✓ topher should be in the /var/run/libvirt/libvirt-sock user ACL
[0m[0;32m  ✓ .config/libvirt/libvirt.conf should exist
[0m[0;31m  ✗ The VM arch-vm should exist
[0mERROR    [Errno 2] No such file or directory: './arch-vm_cloud-init'
Domain installation does not appear to have been successful.
If it was, you can restart your domain by running:
  virsh --connect qemu:///system start arch-vm
otherwise, please restart your installation.
[0;32m  ✓ Virsh default network autostart should be enabled
[0mcycle 8
☱ ☱ ☱ ☱ ☱ ☱ ☱ ☱ ☱ ☱ ☱ ☱ ☳ ☱ 
☱ ☱ ☱ ☱ ☱ ☱ ☱ ☱ ☱ ☱ ☱ ☱ ☱ ☱ 
[0;32m  ✓ /var/lib/libvirt/images/arch-vm.qcow2 should exist
[0m[0;32m  ✓ libvirt should be installed
[0m[0;32m  ✓ libvirtd should be running
[0m[0;32m  ✓ Virsh default network should be active
[0m[0;32m  ✓ qemu-base should be installed
[0m[0;32m  ✓ Backing image /var/lib/libvirt/images/Arch-Linux-x86_64-cloudimg.qcow2 should exist
[0m[0;32m  ✓ virt-manager should be installed
[0m[0;32m  ✓ libvirtd should be enabled
[0m[0;32m  ✓ topher should belong to libvirt group
[0m[0;32m  ✓ wget should be installed
[0mgetfacl: Removing leading '/' from absolute path names
[0;32m  ✓ topher should be in the /var/run/libvirt/libvirt-sock user ACL
[0m[0;32m  ✓ .config/libvirt/libvirt.conf should exist
[0m[0;31m  ✗ The VM arch-vm should exist
[0mERROR    [Errno 2] No such file or directory: './arch-vm_cloud-init'
Domain installation does not appear to have been successful.
If it was, you can restart your domain by running:
  virsh --connect qemu:///system start arch-vm
otherwise, please restart your installation.
[0;32m  ✓ Virsh default network autostart should be enabled
[0mcycle 9
☱ ☱ ☱ ☱ ☱ ☱ ☱ ☱ ☱ ☱ ☱ ☱ ☳ ☱ 
☱ ☱ ☱ ☱ ☱ ☱ ☱ ☱ ☱ ☱ ☱ ☱ ☱ ☱ 
[0;32m  ✓ /var/lib/libvirt/images/arch-vm.qcow2 should exist
[0m[0;32m  ✓ libvirt should be installed
[0m[0;32m  ✓ libvirtd should be running
[0m[0;32m  ✓ Virsh default network should be active
[0m[0;32m  ✓ qemu-base should be installed
[0m[0;32m  ✓ Backing image /var/lib/libvirt/images/Arch-Linux-x86_64-cloudimg.qcow2 should exist
[0m[0;32m  ✓ virt-manager should be installed
[0m[0;32m  ✓ libvirtd should be enabled
[0m[0;32m  ✓ topher should belong to libvirt group
[0m[0;32m  ✓ wget should be installed
[0mgetfacl: Removing leading '/' from absolute path names
[0;32m  ✓ topher should be in the /var/run/libvirt/libvirt-sock user ACL
[0m[0;32m  ✓ .config/libvirt/libvirt.conf should exist
[0m[0;31m  ✗ The VM arch-vm should exist
[0mERROR    [Errno 2] No such file or directory: './arch-vm_cloud-init'
Domain installation does not appear to have been successful.
If it was, you can restart your domain by running:
  virsh --connect qemu:///system start arch-vm
otherwise, please restart your installation.
[0;32m  ✓ Virsh default network autostart should be enabled
[0mcycle 10
☱ ☱ ☱ ☱ ☱ ☱ ☱ ☱ ☱ ☱ ☱ ☱ ☳ ☱ 
☱ ☱ ☱ ☱ ☱ ☱ ☱ ☱ ☱ ☱ ☱ ☱ ☱ ☱ 
[0;32m  ✓ /var/lib/libvirt/images/arch-vm.qcow2 should exist
[0m[0;32m  ✓ libvirt should be installed
[0m[0;32m  ✓ libvirtd should be running
[0m[0;32m  ✓ Virsh default network should be active
[0m[0;32m  ✓ qemu-base should be installed
[0m[0;32m  ✓ Backing image /var/lib/libvirt/images/Arch-Linux-x86_64-cloudimg.qcow2 should exist
[0m[0;32m  ✓ virt-manager should be installed
[0m[0;32m  ✓ libvirtd should be enabled
[0m[0;32m  ✓ topher should belong to libvirt group
[0m[0;32m  ✓ wget should be installed
[0mgetfacl: Removing leading '/' from absolute path names
[0;32m  ✓ topher should be in the /var/run/libvirt/libvirt-sock user ACL
[0m[0;32m  ✓ .config/libvirt/libvirt.conf should exist
[0m[0;31m  ✗ The VM arch-vm should exist
[0mERROR    [Errno 2] No such file or directory: './arch-vm_cloud-init'
Domain installation does not appear to have been successful.
If it was, you can restart your domain by running:
  virsh --connect qemu:///system start arch-vm
otherwise, please restart your installation.
[0;32m  ✓ Virsh default network autostart should be enabled
[0mcycle 11
☱ ☱ ☱ ☱ ☱ ☱ ☱ ☱ ☱ ☱ ☱ ☱ ☳ ☱ 
☱ ☱ ☱ ☱ ☱ ☱ ☱ ☱ ☱ ☱ ☱ ☱ ☱ ☱ 
[0;32m  ✓ /var/lib/libvirt/images/arch-vm.qcow2 should exist
[0m[0;32m  ✓ libvirt should be installed
[0m[0;32m  ✓ libvirtd should be running
[0m[0;32m  ✓ Virsh default network should be active
[0m[0;32m  ✓ qemu-base should be installed
[0m[0;32m  ✓ Backing image /var/lib/libvirt/images/Arch-Linux-x86_64-cloudimg.qcow2 should exist
[0m[0;32m  ✓ virt-manager should be installed
[0m[0;32m  ✓ libvirtd should be enabled
[0m[0;32m  ✓ topher should belong to libvirt group
[0m[0;32m  ✓ wget should be installed
[0mgetfacl: Removing leading '/' from absolute path names
[0;32m  ✓ topher should be in the /var/run/libvirt/libvirt-sock user ACL
[0m[0;32m  ✓ .config/libvirt/libvirt.conf should exist
[0m[0;31m  ✗ The VM arch-vm should exist
[0mERROR    [Errno 2] No such file or directory: './arch-vm_cloud-init'
Domain installation does not appear to have been successful.
If it was, you can restart your domain by running:
  virsh --connect qemu:///system start arch-vm
otherwise, please restart your installation.
[0;32m  ✓ Virsh default network autostart should be enabled
[0mcycle 12
☱ ☱ ☱ ☱ ☱ ☱ ☱ ☱ ☱ ☱ ☱ ☱ ☳ ☱ 
☱ ☱ ☱ ☱ ☱ ☱ ☱ ☱ ☱ ☱ ☱ ☱ ☱ ☱ 
[0;32m  ✓ /var/lib/libvirt/images/arch-vm.qcow2 should exist
[0m[0;32m  ✓ libvirt should be installed
[0m[0;32m  ✓ libvirtd should be running
[0m[0;32m  ✓ Virsh default network should be active
[0m[0;32m  ✓ qemu-base should be installed
[0m[0;32m  ✓ Backing image /var/lib/libvirt/images/Arch-Linux-x86_64-cloudimg.qcow2 should exist
[0m[0;32m  ✓ virt-manager should be installed
[0m[0;32m  ✓ libvirtd should be enabled
[0m[0;32m  ✓ topher should belong to libvirt group
[0m[0;32m  ✓ wget should be installed
[0mgetfacl: Removing leading '/' from absolute path names
[0;32m  ✓ topher should be in the /var/run/libvirt/libvirt-sock user ACL
[0m[0;32m  ✓ .config/libvirt/libvirt.conf should exist
[0m[0;31m  ✗ The VM arch-vm should exist
[0mERROR    [Errno 2] No such file or directory: './arch-vm_cloud-init'
Domain installation does not appear to have been successful.
If it was, you can restart your domain by running:
  virsh --connect qemu:///system start arch-vm
otherwise, please restart your installation.
[0;32m  ✓ Virsh default network autostart should be enabled
[0mcycle 13
☱ ☱ ☱ ☱ ☱ ☱ ☱ ☱ ☱ ☱ ☱ ☱ ☳ ☱ 
☱ ☱ ☱ ☱ ☱ ☱ ☱ ☱ ☱ ☱ ☱ ☱ ☱ ☱ 
[0;32m  ✓ /var/lib/libvirt/images/arch-vm.qcow2 should exist
[0m[0;32m  ✓ libvirt should be installed
[0m[0;32m  ✓ libvirtd should be running
[0m[0;32m  ✓ Virsh default network should be active
[0m[0;32m  ✓ qemu-base should be installed
[0m[0;32m  ✓ Backing image /var/lib/libvirt/images/Arch-Linux-x86_64-cloudimg.qcow2 should exist
[0m[0;32m  ✓ virt-manager should be installed
[0m[0;32m  ✓ libvirtd should be enabled
[0m[0;32m  ✓ topher should belong to libvirt group
[0m[0;32m  ✓ wget should be installed
[0mgetfacl: Removing leading '/' from absolute path names
[0;32m  ✓ topher should be in the /var/run/libvirt/libvirt-sock user ACL
[0m[0;32m  ✓ .config/libvirt/libvirt.conf should exist
[0m[0;31m  ✗ The VM arch-vm should exist
[0mERROR    [Errno 2] No such file or directory: './arch-vm_cloud-init'
Domain installation does not appear to have been successful.
If it was, you can restart your domain by running:
  virsh --connect qemu:///system start arch-vm
otherwise, please restart your installation.
[0;32m  ✓ Virsh default network autostart should be enabled
[0mcycle 14
☱ ☱ ☱ ☱ ☱ ☱ ☱ ☱ ☱ ☱ ☱ ☱ ☳ ☱ 
☱ ☱ ☱ ☱ ☱ ☱ ☱ ☱ ☱ ☱ ☱ ☱ ☱ ☱ 
[1;33m* The Spellcaster free tier includes up to 10 trigraphs. You are at 14 trigraphs and should sign up for an individual plan here https://spellcaster.sh/pricing.

[0m[0;37mSpellcaster failed to converge in 15 cycles
Convergence time: 13 seconds
[0m